<?xml version="1.0" encoding="UTF-8"?>
<testsuites name="UC-11" time="132" tests="0" failures="3" errors="0">
   <testsuite name="UC-11" tests="0" failures="3" errors="0" time="132" timestamp="2561-03-28 01:34:43" hostname="MSI Raider - 192.168.178.2" id="Test Suites/UC-11">
      <properties>
         <property name="deviceName" value=""/>
         <property name="devicePlatform" value=""/>
         <property name="logFolder" value="C:\\Users\\MSI Raider\\git\\Katalon-project1\\Reports\\UC-11\\25610328_013439"/>
         <property name="logFiles" value="C:\\Users\\MSI Raider\\git\\Katalon-project1\\Reports\\UC-11\\25610328_013439\\execution0.log"/>
         <property name="attachments" value="C:\\Users\\MSI Raider\\git\\Katalon-project1\\Reports\\UC-11\\25610328_013439\\1522175735956.png, C:\\Users\\MSI Raider\\git\\Katalon-project1\\Reports\\UC-11\\25610328_013439\\1522175775329.png, C:\\Users\\MSI Raider\\git\\Katalon-project1\\Reports\\UC-11\\25610328_013439\\1522175814305.png"/>
         <property name="hostName" value="MSI Raider - 192.168.178.2"/>
         <property name="os" value="Windows 10 64bit"/>
         <property name="katalonVersion" value="5.3.1.1"/>
         <property name="browser" value="Chrome 65.0.3325.181"/>
         <property name="hostAddress" value="192.168.178.2"/>
         <property name="sessionId" value="fab81b2cadeae83d3f30453c72a47af3"/>
         <property name="seleniumVersion" value="3.7.1"/>
         <property name="proxyInformation" value="ProxyInformation{proxyOption=NO_PROXY, proxyServerType=HTTP, password=, proxyServerAddress=, proxyServerPort=0}"/>
         <property name="platform" value="Windows 10"/>
      </properties>
      <testcase name="Test Cases/UC11/UC11-AlternativeFlow-NotInputDOB" classname="Test Cases/UC11/UC11-AlternativeFlow-NotInputDOB" status="FAILED">
         <failure type="FAILED" message="Unable to set text 'admin' of object 'Object Repository/UC11/UC11-Error not input DOB field/Page_Registration/input_username' (Root cause: com.kms.katalon.core.webui.exception.WebElementNotFoundException: Web element with id: 'Object Repository/UC11/UC11-Error not input DOB field/Page_Registration/input_username' located by 'By.xpath: //input[@name = 'username' and @type = 'text']' not found)"/>
         <system-out><![CDATA[2561-03-28 01:34:44 - [TEST_CASE][FAILED] - Test Cases/UC11/UC11-AlternativeFlow-NotInputDOB: Test Cases/UC11/UC11-AlternativeFlow-NotInputDOB FAILED because (of) Unable to set text 'admin' of object 'Object Repository/UC11/UC11-Error not input DOB field/Page_Registration/input_username' (Root cause: com.kms.katalon.core.webui.exception.WebElementNotFoundException: Web element with id: 'Object Repository/UC11/UC11-Error not input DOB field/Page_Registration/input_username' located by 'By.xpath: //input[@name = 'username' and @type = 'text']' not found)

2561-03-28 01:34:45 - [TEST_STEP][PASSED] - openBrowser: Browser is opened with url: ''

2561-03-28 01:34:58 - [MESSAGE][PASSED] - Browser is opened with url: ''

2561-03-28 01:34:58 - [TEST_STEP][PASSED] - navigateToUrl: Navigate to 'http://localhost:4200/admin' successfully

2561-03-28 01:35:05 - [MESSAGE][PASSED] - Navigate to 'http://localhost:4200/admin' successfully

2561-03-28 01:35:05 - [TEST_STEP][FAILED] - setText: Unable to set text 'admin' of object 'Object Repository/UC11/UC11-Error not input DOB field/Page_Registration/input_username' (Root cause: com.kms.katalon.core.webui.exception.WebElementNotFoundException: Web element with id: 'Object Repository/UC11/UC11-Error not input DOB field/Page_Registration/input_username' located by 'By.xpath: //input[@name = 'username' and @type = 'text']' not found)

2561-03-28 01:35:36 - [MESSAGE][FAILED] - Unable to set text 'admin' of object 'Object Repository/UC11/UC11-Error not input DOB field/Page_Registration/input_username' (Root cause: com.kms.katalon.core.webui.exception.WebElementNotFoundException: Web element with id: 'Object Repository/UC11/UC11-Error not input DOB field/Page_Registration/input_username' located by 'By.xpath: //input[@name = 'username' and @type = 'text']' not found)
[[ATTACHMENT|C:\\Users\\MSI Raider\\git\\Katalon-project1\\Reports\\UC-11\\25610328_013439\\1522175735956.png]]]]></system-out>
         <system-err><![CDATA[2561-03-28 01:34:44 - [TEST_CASE][FAILED] - Test Cases/UC11/UC11-AlternativeFlow-NotInputDOB: Test Cases/UC11/UC11-AlternativeFlow-NotInputDOB FAILED because (of) Unable to set text 'admin' of object 'Object Repository/UC11/UC11-Error not input DOB field/Page_Registration/input_username' (Root cause: com.kms.katalon.core.webui.exception.WebElementNotFoundException: Web element with id: 'Object Repository/UC11/UC11-Error not input DOB field/Page_Registration/input_username' located by 'By.xpath: //input[@name = 'username' and @type = 'text']' not found)]]></system-err>
      </testcase>
      <testcase name="Test Cases/UC11/UC11-AlternativeFlow-Notmeet_minimum_length" classname="Test Cases/UC11/UC11-AlternativeFlow-Notmeet_minimum_length" status="FAILED">
         <failure type="FAILED" message="Unable to set text 'admin' of object 'Object Repository/UC11/UC11-Error not meet minimum length/Page_Registration/input_username' (Root cause: com.kms.katalon.core.webui.exception.WebElementNotFoundException: Web element with id: 'Object Repository/UC11/UC11-Error not meet minimum length/Page_Registration/input_username' located by 'By.xpath: //input[@name = 'username' and @type = 'text']' not found)"/>
         <system-out><![CDATA[2561-03-28 01:35:36 - [TEST_CASE][FAILED] - Test Cases/UC11/UC11-AlternativeFlow-Notmeet_minimum_length: Test Cases/UC11/UC11-AlternativeFlow-Notmeet_minimum_length FAILED because (of) Unable to set text 'admin' of object 'Object Repository/UC11/UC11-Error not meet minimum length/Page_Registration/input_username' (Root cause: com.kms.katalon.core.webui.exception.WebElementNotFoundException: Web element with id: 'Object Repository/UC11/UC11-Error not meet minimum length/Page_Registration/input_username' located by 'By.xpath: //input[@name = 'username' and @type = 'text']' not found)

2561-03-28 01:35:36 - [TEST_STEP][PASSED] - openBrowser: Browser is opened with url: ''

2561-03-28 01:35:36 - [MESSAGE][WARNING] - A browser is already opened. Closing browser and opening a new one

2561-03-28 01:35:42 - [MESSAGE][PASSED] - Browser is opened with url: ''

2561-03-28 01:35:42 - [TEST_STEP][PASSED] - navigateToUrl: Navigate to 'http://localhost:4200/admin' successfully

2561-03-28 01:35:44 - [MESSAGE][PASSED] - Navigate to 'http://localhost:4200/admin' successfully

2561-03-28 01:35:44 - [TEST_STEP][FAILED] - setText: Unable to set text 'admin' of object 'Object Repository/UC11/UC11-Error not meet minimum length/Page_Registration/input_username' (Root cause: com.kms.katalon.core.webui.exception.WebElementNotFoundException: Web element with id: 'Object Repository/UC11/UC11-Error not meet minimum length/Page_Registration/input_username' located by 'By.xpath: //input[@name = 'username' and @type = 'text']' not found)

2561-03-28 01:36:15 - [MESSAGE][FAILED] - Unable to set text 'admin' of object 'Object Repository/UC11/UC11-Error not meet minimum length/Page_Registration/input_username' (Root cause: com.kms.katalon.core.webui.exception.WebElementNotFoundException: Web element with id: 'Object Repository/UC11/UC11-Error not meet minimum length/Page_Registration/input_username' located by 'By.xpath: //input[@name = 'username' and @type = 'text']' not found)
[[ATTACHMENT|C:\\Users\\MSI Raider\\git\\Katalon-project1\\Reports\\UC-11\\25610328_013439\\1522175775329.png]]]]></system-out>
         <system-err><![CDATA[2561-03-28 01:35:36 - [TEST_CASE][FAILED] - Test Cases/UC11/UC11-AlternativeFlow-Notmeet_minimum_length: Test Cases/UC11/UC11-AlternativeFlow-Notmeet_minimum_length FAILED because (of) Unable to set text 'admin' of object 'Object Repository/UC11/UC11-Error not meet minimum length/Page_Registration/input_username' (Root cause: com.kms.katalon.core.webui.exception.WebElementNotFoundException: Web element with id: 'Object Repository/UC11/UC11-Error not meet minimum length/Page_Registration/input_username' located by 'By.xpath: //input[@name = 'username' and @type = 'text']' not found)]]></system-err>
      </testcase>
      <testcase name="Test Cases/UC11/UC11-NormalFlow" classname="Test Cases/UC11/UC11-NormalFlow" status="FAILED">
         <failure type="FAILED" message="Unable to set text 'admin' of object 'Object Repository/UC11/UC11-NormalFlow/Page_Registration/input_username' (Root cause: com.kms.katalon.core.webui.exception.WebElementNotFoundException: Web element with id: 'Object Repository/UC11/UC11-NormalFlow/Page_Registration/input_username' located by 'By.xpath: //input[@name = 'username' and @type = 'text']' not found)"/>
         <system-out><![CDATA[2561-03-28 01:36:15 - [TEST_CASE][FAILED] - Test Cases/UC11/UC11-NormalFlow: Test Cases/UC11/UC11-NormalFlow FAILED because (of) Unable to set text 'admin' of object 'Object Repository/UC11/UC11-NormalFlow/Page_Registration/input_username' (Root cause: com.kms.katalon.core.webui.exception.WebElementNotFoundException: Web element with id: 'Object Repository/UC11/UC11-NormalFlow/Page_Registration/input_username' located by 'By.xpath: //input[@name = 'username' and @type = 'text']' not found)

2561-03-28 01:36:15 - [TEST_STEP][PASSED] - openBrowser: Browser is opened with url: ''

2561-03-28 01:36:15 - [MESSAGE][WARNING] - A browser is already opened. Closing browser and opening a new one

2561-03-28 01:36:21 - [MESSAGE][PASSED] - Browser is opened with url: ''

2561-03-28 01:36:21 - [TEST_STEP][PASSED] - navigateToUrl: Navigate to 'http://localhost:4200/admin' successfully

2561-03-28 01:36:23 - [MESSAGE][PASSED] - Navigate to 'http://localhost:4200/admin' successfully

2561-03-28 01:36:23 - [TEST_STEP][FAILED] - setText: Unable to set text 'admin' of object 'Object Repository/UC11/UC11-NormalFlow/Page_Registration/input_username' (Root cause: com.kms.katalon.core.webui.exception.WebElementNotFoundException: Web element with id: 'Object Repository/UC11/UC11-NormalFlow/Page_Registration/input_username' located by 'By.xpath: //input[@name = 'username' and @type = 'text']' not found)

2561-03-28 01:36:54 - [MESSAGE][FAILED] - Unable to set text 'admin' of object 'Object Repository/UC11/UC11-NormalFlow/Page_Registration/input_username' (Root cause: com.kms.katalon.core.webui.exception.WebElementNotFoundException: Web element with id: 'Object Repository/UC11/UC11-NormalFlow/Page_Registration/input_username' located by 'By.xpath: //input[@name = 'username' and @type = 'text']' not found)
[[ATTACHMENT|C:\\Users\\MSI Raider\\git\\Katalon-project1\\Reports\\UC-11\\25610328_013439\\1522175814305.png]]]]></system-out>
         <system-err><![CDATA[2561-03-28 01:36:15 - [TEST_CASE][FAILED] - Test Cases/UC11/UC11-NormalFlow: Test Cases/UC11/UC11-NormalFlow FAILED because (of) Unable to set text 'admin' of object 'Object Repository/UC11/UC11-NormalFlow/Page_Registration/input_username' (Root cause: com.kms.katalon.core.webui.exception.WebElementNotFoundException: Web element with id: 'Object Repository/UC11/UC11-NormalFlow/Page_Registration/input_username' located by 'By.xpath: //input[@name = 'username' and @type = 'text']' not found)]]></system-err>
      </testcase>
      <system-out><![CDATA[2561-03-28 01:34:43 - [TEST_SUITE][FAILED] - UC-11: Test Cases/UC11/UC11-AlternativeFlow-NotInputDOB FAILED because (of) Unable to set text 'admin' of object 'Object Repository/UC11/UC11-Error not input DOB field/Page_Registration/input_username' (Root cause: com.kms.katalon.core.webui.exception.WebElementNotFoundException: Web element with id: 'Object Repository/UC11/UC11-Error not input DOB field/Page_Registration/input_username' located by 'By.xpath: //input[@name = 'username' and @type = 'text']' not found)]]></system-out>
      <system-err><![CDATA[2561-03-28 01:34:43 - [TEST_SUITE][FAILED] - UC-11: Test Cases/UC11/UC11-AlternativeFlow-NotInputDOB FAILED because (of) Unable to set text 'admin' of object 'Object Repository/UC11/UC11-Error not input DOB field/Page_Registration/input_username' (Root cause: com.kms.katalon.core.webui.exception.WebElementNotFoundException: Web element with id: 'Object Repository/UC11/UC11-Error not input DOB field/Page_Registration/input_username' located by 'By.xpath: //input[@name = 'username' and @type = 'text']' not found)]]></system-err>
   </testsuite>
</testsuites>
